Performing C++ SOURCE FILE Test HAVE_ARM64_CRC32C failed with the following output:
Change Dir: /Users/erage/Desktop/liteclient-build/CMakeFiles/CMakeTmp

Run Build Command(s):/usr/bin/make cmTC_e7c14/fast && /Library/Developer/CommandLineTools/usr/bin/make -f CMakeFiles/cmTC_e7c14.dir/build.make CMakeFiles/cmTC_e7c14.dir/build
Building CXX object CMakeFiles/cmTC_e7c14.dir/src.cxx.o
/Library/Developer/CommandLineTools/usr/bin/c++    -Wall -Wextra -Werror -fno-exceptions -fno-rtti -DHAVE_ARM64_CRC32C  -march=armv8-a+crc+crypto -isysroot /Library/Developer/CommandLineTools/SDKs/MacOSX10.14.sdk -fPIE   -o CMakeFiles/cmTC_e7c14.dir/src.cxx.o -c /Users/erage/Desktop/liteclient-build/CMakeFiles/CMakeTmp/src.cxx
error: unknown target CPU 'armv8-a+crc+crypto'
make[1]: *** [CMakeFiles/cmTC_e7c14.dir/src.cxx.o] Error 1
make: *** [cmTC_e7c14/fast] Error 2


Source file was:

#include <arm_acle.h>
#include <arm_neon.h>

int main() {
  __crc32cb(0, 0); __crc32ch(0, 0); __crc32cw(0, 0); __crc32cd(0, 0);
  vmull_p64(0, 0);
  return 0;
}

Performing C++ SOURCE FILE Test HAVE_STRONG_GETAUXVAL failed with the following output:
Change Dir: /Users/erage/Desktop/liteclient-build/CMakeFiles/CMakeTmp

Run Build Command(s):/usr/bin/make cmTC_833f5/fast && /Library/Developer/CommandLineTools/usr/bin/make -f CMakeFiles/cmTC_833f5.dir/build.make CMakeFiles/cmTC_833f5.dir/build
Building CXX object CMakeFiles/cmTC_833f5.dir/src.cxx.o
/Library/Developer/CommandLineTools/usr/bin/c++    -Wall -Wextra -Werror -fno-exceptions -fno-rtti -DHAVE_STRONG_GETAUXVAL -isysroot /Library/Developer/CommandLineTools/SDKs/MacOSX10.14.sdk -fPIE   -o CMakeFiles/cmTC_833f5.dir/src.cxx.o -c /Users/erage/Desktop/liteclient-build/CMakeFiles/CMakeTmp/src.cxx
In file included from /Users/erage/Desktop/liteclient-build/CMakeFiles/CMakeTmp/src.cxx:2:
/Library/Developer/CommandLineTools/usr/lib/clang/10.0.0/include/arm_acle.h:28:2: error: "ACLE intrinsics support not enabled."
#error "ACLE intrinsics support not enabled."
 ^
/Library/Developer/CommandLineTools/usr/lib/clang/10.0.0/include/arm_acle.h:49:3: error: use of undeclared identifier '__builtin_arm_wfi'; did you mean '__builtin_dwarf_cfa'?
  __builtin_arm_wfi();
  ^
/Library/Developer/CommandLineTools/usr/lib/clang/10.0.0/include/arm_acle.h:49:3: note: '__builtin_dwarf_cfa' declared here
/Library/Developer/CommandLineTools/usr/lib/clang/10.0.0/include/arm_acle.h:53:3: error: use of undeclared identifier '__builtin_arm_wfe'; did you mean '__builtin_dwarf_cfa'?
  __builtin_arm_wfe();
  ^
/Library/Developer/CommandLineTools/usr/lib/clang/10.0.0/include/arm_acle.h:49:3: note: '__builtin_dwarf_cfa' declared here
  __builtin_arm_wfi();
  ^
/Library/Developer/CommandLineTools/usr/lib/clang/10.0.0/include/arm_acle.h:57:3: error: use of undeclared identifier '__builtin_arm_sev'
  __builtin_arm_sev();
  ^
/Library/Developer/CommandLineTools/usr/lib/clang/10.0.0/include/arm_acle.h:61:3: error: use of undeclared identifier '__builtin_arm_sevl'
  __builtin_arm_sevl();
  ^
/Library/Developer/CommandLineTools/usr/lib/clang/10.0.0/include/arm_acle.h:65:3: error: use of undeclared identifier '__builtin_arm_yield'; did you mean '__builtin_ia32_xend'?
  __builtin_arm_yield();
  ^
/Library/Developer/CommandLineTools/usr/lib/clang/10.0.0/include/arm_acle.h:57:3: note: '__builtin_ia32_xend' declared here
  __builtin_arm_sev();
  ^
/Library/Developer/CommandLineTools/usr/lib/clang/10.0.0/include/arm_acle.h:78:9: error: use of undeclared identifier '__builtin_arm_ldrex'
    v = __builtin_arm_ldrex(__p);
        ^
/Library/Developer/CommandLineTools/usr/lib/clang/10.0.0/include/arm_acle.h:79:10: error: use of undeclared identifier '__builtin_arm_strex'
  while (__builtin_arm_strex(__x, __p));
         ^
/Library/Developer/CommandLineTools/usr/lib/clang/10.0.0/include/arm_acle.h:108:3: error: use of undeclared identifier '__builtin_arm_nop'; did you mean '__builtin_trap'?
  __builtin_arm_nop();
  ^
/Library/Developer/CommandLineTools/usr/lib/clang/10.0.0/include/arm_acle.h:108:3: note: '__builtin_trap' declared here
/Library/Developer/CommandLineTools/usr/lib/clang/10.0.0/include/arm_acle.h:205:10: error: use of undeclared identifier '__builtin_arm_rbit'
  return __builtin_arm_rbit(__t);
         ^
/Library/Developer/CommandLineTools/usr/lib/clang/10.0.0/include/arm_acle.h:214:10: error: use of undeclared identifier '__builtin_arm_rbit64'
  return __builtin_arm_rbit64(__t);
         ^
In file included from /Users/erage/Desktop/liteclient-build/CMakeFiles/CMakeTmp/src.cxx:3:
/Library/Developer/CommandLineTools/usr/lib/clang/10.0.0/include/arm_neon.h:28:2: error: "NEON support not enabled"
#error "NEON support not enabled"
 ^
/Library/Developer/CommandLineTools/usr/lib/clang/10.0.0/include/arm_neon.h:48:24: error: 'neon_vector_type' attribute is not supported for this target
typedef __attribute__((neon_vector_type(8))) int8_t int8x8_t;
                       ^
/Library/Developer/CommandLineTools/usr/lib/clang/10.0.0/include/arm_neon.h:49:24: error: 'neon_vector_type' attribute is not supported for this target
typedef __attribute__((neon_vector_type(16))) int8_t int8x16_t;
                       ^
/Library/Developer/CommandLineTools/usr/lib/clang/10.0.0/include/arm_neon.h:50:24: error: 'neon_vector_type' attribute is not supported for this target
typedef __attribute__((neon_vector_type(4))) int16_t int16x4_t;
                       ^
/Library/Developer/CommandLineTools/usr/lib/clang/10.0.0/include/arm_neon.h:51:24: error: 'neon_vector_type' attribute is not supported for this target
typedef __attribute__((neon_vector_type(8))) int16_t int16x8_t;
                       ^
/Library/Developer/CommandLineTools/usr/lib/clang/10.0.0/include/arm_neon.h:52:24: error: 'neon_vector_type' attribute is not supported for this target
typedef __attribute__((neon_vector_type(2))) int32_t int32x2_t;
                       ^
/Library/Developer/CommandLineTools/usr/lib/clang/10.0.0/include/arm_neon.h:53:24: error: 'neon_vector_type' attribute is not supported for this target
typedef __attribute__((neon_vector_type(4))) int32_t int32x4_t;
                       ^
/Library/Developer/CommandLineTools/usr/lib/clang/10.0.0/include/arm_neon.h:54:24: error: 'neon_vector_type' attribute is not supported for this target
typedef __attribute__((neon_vector_type(1))) int64_t int64x1_t;
                       ^
fatal error: too many errors emitted, stopping now [-ferror-limit=]
20 errors generated.
make[1]: *** [CMakeFiles/cmTC_833f5.dir/src.cxx.o] Error 1
make: *** [cmTC_833f5/fast] Error 2


Source file was:

#include <arm_acle.h>
#include <arm_neon.h>
#include <sys/auxv.h>

int main() {
  getauxval(AT_HWCAP);
  return 0;
}

Performing C++ SOURCE FILE Test HAVE_WEAK_GETAUXVAL failed with the following output:
Change Dir: /Users/erage/Desktop/liteclient-build/CMakeFiles/CMakeTmp

Run Build Command(s):/usr/bin/make cmTC_3d736/fast && /Library/Developer/CommandLineTools/usr/bin/make -f CMakeFiles/cmTC_3d736.dir/build.make CMakeFiles/cmTC_3d736.dir/build
Building CXX object CMakeFiles/cmTC_3d736.dir/src.cxx.o
/Library/Developer/CommandLineTools/usr/bin/c++    -Wall -Wextra -Werror -fno-exceptions -fno-rtti -DHAVE_WEAK_GETAUXVAL -isysroot /Library/Developer/CommandLineTools/SDKs/MacOSX10.14.sdk -fPIE   -o CMakeFiles/cmTC_3d736.dir/src.cxx.o -c /Users/erage/Desktop/liteclient-build/CMakeFiles/CMakeTmp/src.cxx
Linking CXX executable cmTC_3d736
/usr/local/Cellar/cmake/3.15.3/bin/cmake -E cmake_link_script CMakeFiles/cmTC_3d736.dir/link.txt --verbose=1
/Library/Developer/CommandLineTools/usr/bin/c++   -Wall -Wextra -Werror -fno-exceptions -fno-rtti -DHAVE_WEAK_GETAUXVAL -isysroot /Library/Developer/CommandLineTools/SDKs/MacOSX10.14.sdk -Wl,-search_paths_first -Wl,-headerpad_max_install_names   CMakeFiles/cmTC_3d736.dir/src.cxx.o  -o cmTC_3d736 
Undefined symbols for architecture x86_64:
  "getauxval(unsigned long)", referenced from:
      _main in src.cxx.o
ld: symbol(s) not found for architecture x86_64
clang: error: linker command failed with exit code 1 (use -v to see invocation)
make[1]: *** [cmTC_3d736] Error 1
make: *** [cmTC_3d736/fast] Error 2


Source file was:

unsigned long getauxval(unsigned long type) __attribute__((weak));
#define AT_HWCAP 16

int main() {
  getauxval(AT_HWCAP);
  return 0;
}

Performing C++ SOURCE FILE Test HAVE_CXX_FLAG_WIMPLICIT_FALLTHROUGH_2 failed with the following output:
Change Dir: /Users/erage/Desktop/liteclient-build/CMakeFiles/CMakeTmp

Run Build Command(s):/usr/bin/make cmTC_d309a/fast && /Library/Developer/CommandLineTools/usr/bin/make -f CMakeFiles/cmTC_d309a.dir/build.make CMakeFiles/cmTC_d309a.dir/build
Building CXX object CMakeFiles/cmTC_d309a.dir/src.cxx.o
/Library/Developer/CommandLineTools/usr/bin/c++    -march=native -std=c++14 -fno-omit-frame-pointer -Wall -Wextra -DHAVE_CXX_FLAG_WIMPLICIT_FALLTHROUGH_2 -Wimplicit-fallthrough=2 -isysroot /Library/Developer/CommandLineTools/SDKs/MacOSX10.14.sdk -fPIE   -Wimplicit-fallthrough=2 -o CMakeFiles/cmTC_d309a.dir/src.cxx.o -c /Users/erage/Desktop/liteclient-build/CMakeFiles/CMakeTmp/src.cxx
warning: unknown warning option '-Wimplicit-fallthrough=2'; did you mean '-Wimplicit-fallthrough'? [-Wunknown-warning-option]
warning: unknown warning option '-Wimplicit-fallthrough=2'; did you mean '-Wimplicit-fallthrough'? [-Wunknown-warning-option]
2 warnings generated.
Linking CXX executable cmTC_d309a
/usr/local/Cellar/cmake/3.15.3/bin/cmake -E cmake_link_script CMakeFiles/cmTC_d309a.dir/link.txt --verbose=1
/Library/Developer/CommandLineTools/usr/bin/c++   -march=native -std=c++14 -fno-omit-frame-pointer -Wall -Wextra -DHAVE_CXX_FLAG_WIMPLICIT_FALLTHROUGH_2 -Wimplicit-fallthrough=2 -isysroot /Library/Developer/CommandLineTools/SDKs/MacOSX10.14.sdk -Wl,-search_paths_first -Wl,-headerpad_max_install_names   CMakeFiles/cmTC_d309a.dir/src.cxx.o  -o cmTC_d309a 


Source file was:
int main() { return 0; }
Performing C++ SOURCE FILE Test HAVE_CXX_FLAG_WDUPLICATED_BRANCHES failed with the following output:
Change Dir: /Users/erage/Desktop/liteclient-build/CMakeFiles/CMakeTmp

Run Build Command(s):/usr/bin/make cmTC_6e532/fast && /Library/Developer/CommandLineTools/usr/bin/make -f CMakeFiles/cmTC_6e532.dir/build.make CMakeFiles/cmTC_6e532.dir/build
Building CXX object CMakeFiles/cmTC_6e532.dir/src.cxx.o
/Library/Developer/CommandLineTools/usr/bin/c++    -march=native -std=c++14 -fno-omit-frame-pointer -Wall -Wextra -Wpointer-arith -Wcast-qual -Wsign-compare -DHAVE_CXX_FLAG_WDUPLICATED_BRANCHES -Wduplicated-branches -isysroot /Library/Developer/CommandLineTools/SDKs/MacOSX10.14.sdk -fPIE   -Wduplicated-branches -o CMakeFiles/cmTC_6e532.dir/src.cxx.o -c /Users/erage/Desktop/liteclient-build/CMakeFiles/CMakeTmp/src.cxx
warning: unknown warning option '-Wduplicated-branches' [-Wunknown-warning-option]
warning: unknown warning option '-Wduplicated-branches' [-Wunknown-warning-option]
2 warnings generated.
Linking CXX executable cmTC_6e532
/usr/local/Cellar/cmake/3.15.3/bin/cmake -E cmake_link_script CMakeFiles/cmTC_6e532.dir/link.txt --verbose=1
/Library/Developer/CommandLineTools/usr/bin/c++   -march=native -std=c++14 -fno-omit-frame-pointer -Wall -Wextra -Wpointer-arith -Wcast-qual -Wsign-compare -DHAVE_CXX_FLAG_WDUPLICATED_BRANCHES -Wduplicated-branches -isysroot /Library/Developer/CommandLineTools/SDKs/MacOSX10.14.sdk -Wl,-search_paths_first -Wl,-headerpad_max_install_names   CMakeFiles/cmTC_6e532.dir/src.cxx.o  -o cmTC_6e532 


Source file was:
int main() { return 0; }
Performing C++ SOURCE FILE Test HAVE_CXX_FLAG_WDUPLICATED_COND failed with the following output:
Change Dir: /Users/erage/Desktop/liteclient-build/CMakeFiles/CMakeTmp

Run Build Command(s):/usr/bin/make cmTC_163dc/fast && /Library/Developer/CommandLineTools/usr/bin/make -f CMakeFiles/cmTC_163dc.dir/build.make CMakeFiles/cmTC_163dc.dir/build
Building CXX object CMakeFiles/cmTC_163dc.dir/src.cxx.o
/Library/Developer/CommandLineTools/usr/bin/c++    -march=native -std=c++14 -fno-omit-frame-pointer -Wall -Wextra -Wpointer-arith -Wcast-qual -Wsign-compare -DHAVE_CXX_FLAG_WDUPLICATED_COND -Wduplicated-cond -isysroot /Library/Developer/CommandLineTools/SDKs/MacOSX10.14.sdk -fPIE   -Wduplicated-cond -o CMakeFiles/cmTC_163dc.dir/src.cxx.o -c /Users/erage/Desktop/liteclient-build/CMakeFiles/CMakeTmp/src.cxx
warning: unknown warning option '-Wduplicated-cond'; did you mean '-Wduplicate-enum'? [-Wunknown-warning-option]
warning: unknown warning option '-Wduplicated-cond'; did you mean '-Wduplicate-enum'? [-Wunknown-warning-option]
2 warnings generated.
Linking CXX executable cmTC_163dc
/usr/local/Cellar/cmake/3.15.3/bin/cmake -E cmake_link_script CMakeFiles/cmTC_163dc.dir/link.txt --verbose=1
/Library/Developer/CommandLineTools/usr/bin/c++   -march=native -std=c++14 -fno-omit-frame-pointer -Wall -Wextra -Wpointer-arith -Wcast-qual -Wsign-compare -DHAVE_CXX_FLAG_WDUPLICATED_COND -Wduplicated-cond -isysroot /Library/Developer/CommandLineTools/SDKs/MacOSX10.14.sdk -Wl,-search_paths_first -Wl,-headerpad_max_install_names   CMakeFiles/cmTC_163dc.dir/src.cxx.o  -o cmTC_163dc 


Source file was:
int main() { return 0; }
Performing C++ SOURCE FILE Test HAVE_CXX_FLAG_WALLOC_ZERO failed with the following output:
Change Dir: /Users/erage/Desktop/liteclient-build/CMakeFiles/CMakeTmp

Run Build Command(s):/usr/bin/make cmTC_d3e87/fast && /Library/Developer/CommandLineTools/usr/bin/make -f CMakeFiles/cmTC_d3e87.dir/build.make CMakeFiles/cmTC_d3e87.dir/build
Building CXX object CMakeFiles/cmTC_d3e87.dir/src.cxx.o
/Library/Developer/CommandLineTools/usr/bin/c++    -march=native -std=c++14 -fno-omit-frame-pointer -Wall -Wextra -Wpointer-arith -Wcast-qual -Wsign-compare -DHAVE_CXX_FLAG_WALLOC_ZERO -Walloc-zero -isysroot /Library/Developer/CommandLineTools/SDKs/MacOSX10.14.sdk -fPIE   -Walloc-zero -o CMakeFiles/cmTC_d3e87.dir/src.cxx.o -c /Users/erage/Desktop/liteclient-build/CMakeFiles/CMakeTmp/src.cxx
warning: unknown warning option '-Walloc-zero'; did you mean '-Wdiv-by-zero'? [-Wunknown-warning-option]
warning: unknown warning option '-Walloc-zero'; did you mean '-Wdiv-by-zero'? [-Wunknown-warning-option]
2 warnings generated.
Linking CXX executable cmTC_d3e87
/usr/local/Cellar/cmake/3.15.3/bin/cmake -E cmake_link_script CMakeFiles/cmTC_d3e87.dir/link.txt --verbose=1
/Library/Developer/CommandLineTools/usr/bin/c++   -march=native -std=c++14 -fno-omit-frame-pointer -Wall -Wextra -Wpointer-arith -Wcast-qual -Wsign-compare -DHAVE_CXX_FLAG_WALLOC_ZERO -Walloc-zero -isysroot /Library/Developer/CommandLineTools/SDKs/MacOSX10.14.sdk -Wl,-search_paths_first -Wl,-headerpad_max_install_names   CMakeFiles/cmTC_d3e87.dir/src.cxx.o  -o cmTC_d3e87 


Source file was:
int main() { return 0; }
Performing C++ SOURCE FILE Test HAVE_CXX_FLAG_WLOGICAL_OP failed with the following output:
Change Dir: /Users/erage/Desktop/liteclient-build/CMakeFiles/CMakeTmp

Run Build Command(s):/usr/bin/make cmTC_0ce3f/fast && /Library/Developer/CommandLineTools/usr/bin/make -f CMakeFiles/cmTC_0ce3f.dir/build.make CMakeFiles/cmTC_0ce3f.dir/build
Building CXX object CMakeFiles/cmTC_0ce3f.dir/src.cxx.o
/Library/Developer/CommandLineTools/usr/bin/c++    -march=native -std=c++14 -fno-omit-frame-pointer -Wall -Wextra -Wpointer-arith -Wcast-qual -Wsign-compare -DHAVE_CXX_FLAG_WLOGICAL_OP -Wlogical-op -isysroot /Library/Developer/CommandLineTools/SDKs/MacOSX10.14.sdk -fPIE   -Wlogical-op -o CMakeFiles/cmTC_0ce3f.dir/src.cxx.o -c /Users/erage/Desktop/liteclient-build/CMakeFiles/CMakeTmp/src.cxx
warning: unknown warning option '-Wlogical-op'; did you mean '-Wlong-long'? [-Wunknown-warning-option]
warning: unknown warning option '-Wlogical-op'; did you mean '-Wlong-long'? [-Wunknown-warning-option]
2 warnings generated.
Linking CXX executable cmTC_0ce3f
/usr/local/Cellar/cmake/3.15.3/bin/cmake -E cmake_link_script CMakeFiles/cmTC_0ce3f.dir/link.txt --verbose=1
/Library/Developer/CommandLineTools/usr/bin/c++   -march=native -std=c++14 -fno-omit-frame-pointer -Wall -Wextra -Wpointer-arith -Wcast-qual -Wsign-compare -DHAVE_CXX_FLAG_WLOGICAL_OP -Wlogical-op -isysroot /Library/Developer/CommandLineTools/SDKs/MacOSX10.14.sdk -Wl,-search_paths_first -Wl,-headerpad_max_install_names   CMakeFiles/cmTC_0ce3f.dir/src.cxx.o  -o cmTC_0ce3f 


Source file was:
int main() { return 0; }
